<?xml version="1.0" encoding="UTF-8"?>
<testsuite name="Recitation0Test" tests="1" skipped="0" failures="0" errors="0" timestamp="2024-04-17T13:07:13" hostname="Hafsahs-MacBook-Air.local" time="0.041">
  <properties/>
  <testcase name="[1] test main" classname="Recitation0Test" time="0.041"/>
  <system-out><![CDATA[]]></system-out>
  <system-err><![CDATA[]]></system-err>
</testsuite>
